<?xml version="1.0" encoding="UTF-8"?>
<testsuites name="jest tests" tests="2" failures="0" time="5.544">
  <testsuite name="Query.chats" errors="0" failures="0" skipped="0" timestamp="2019-07-21T17:59:38" time="4.116" tests="1">
    <testcase classname="Query.chats should fetch all chats" name="Query.chats should fetch all chats" time="0.039">
    </testcase>
  </testsuite>
  <testsuite name="Query.chat" errors="0" failures="0" skipped="0" timestamp="2019-07-21T17:59:38" time="4.148" tests="1">
    <testcase classname="Query.chat should fetch specified chat" name="Query.chat should fetch specified chat" time="0.05">
    </testcase>
  </testsuite>
</testsuites>